[0;34m[INFO] === SYSTEM INFORMATION ===[0m
[0;34m[INFO] Node.js version: v24.5.0[0m
[0;34m[INFO] npm version: 11.5.1[0m
[0;34m[INFO] Git branch: staging[0m
[0;34m[INFO] Git commit: 475efe6[0m
[0;34m[INFO] Working directory: /Users/georgedanayan/Bitboard[0m
[0;34m[INFO] Available memory: [0m
[1;33m[WARNING] Uncommitted changes detected - this may affect build reproducibility[0m
 M .vercel/output/config.json
 M .vercel/output/diagnostics/cli_traces.json
 M .vercel/output/diagnostics/trace
 M .vercel/output/functions/_not-found.func/.vc-config.json
 M .vercel/output/functions/about.func
 M .vercel/output/functions/about.prerender-config.json
 M .vercel/output/functions/about.prerender-fallback.html
 M .vercel/output/functions/about.rsc.prerender-config.json
 M .vercel/output/functions/about.rsc.prerender-fallback.rsc
 M .vercel/output/functions/api/admin/listings/delete.func/index.js
 M .vercel/output/functions/api/admin/listings/delete.func/index.js.map
 M .vercel/output/functions/api/admin/listings/list.func/index.js
 M .vercel/output/functions/api/admin/listings/list.func/index.js.map
 M .vercel/output/functions/api/admin/users/ban.func/index.js
 M .vercel/output/functions/api/admin/users/ban.func/index.js.map
 M .vercel/output/functions/api/admin/users/list.func/index.js
 M .vercel/output/functions/api/admin/users/list.func/index.js.map
 M .vercel/output/functions/api/admin/users/verify.func/index.js
 M .vercel/output/functions/api/admin/users/verify.func/index.js.map
 M .vercel/output/functions/api/auth/callback.func/index.js
 M .vercel/output/functions/api/auth/callback.func/index.js.map
 M .vercel/output/functions/api/auth/login.func/index.js
 M .vercel/output/functions/api/auth/login.func/index.js.map
 M .vercel/output/functions/api/auth/logout.func/index.js
 M .vercel/output/functions/api/auth/logout.func/index.js.map
 M .vercel/output/functions/api/auth/session.func/index.js
 M .vercel/output/functions/api/auth/session.func/index.js.map
 M .vercel/output/functions/api/auth/username.func/index.js
 M .vercel/output/functions/api/auth/username.func/index.js.map
 M .vercel/output/functions/api/chat/list.func/index.js
 M .vercel/output/functions/api/chat/list.func/index.js.map
 M .vercel/output/functions/api/chat/send.func/index.js
 M .vercel/output/functions/api/chat/send.func/index.js.map
 M .vercel/output/functions/api/escrow/propose.func/index.js
 M .vercel/output/functions/api/escrow/propose.func/index.js.map
 M .vercel/output/functions/api/health.func/index.js
 M .vercel/output/functions/api/health.func/index.js.map
 M .vercel/output/functions/api/listings.func/index.js
 M .vercel/output/functions/api/listings.func/index.js.map
 M .vercel/output/functions/api/listings/[id].func/index.js
 M .vercel/output/functions/api/listings/[id].func/index.js.map
 M .vercel/output/functions/api/ping.func/index.js
 M .vercel/output/functions/api/ping.func/index.js.map
 M .vercel/output/functions/api/places.func/index.js
 M .vercel/output/functions/api/places.func/index.js.map
 M .vercel/output/functions/api/rate.func/index.js
 M .vercel/output/functions/api/rate.func/index.js.map
 M .vercel/output/functions/api/users/[username].func/index.js
 M .vercel/output/functions/api/users/[username].func/index.js.map
 M .vercel/output/functions/api/users/[username]/listings.func/index.js
 M .vercel/output/functions/api/users/[username]/listings.func/index.js.map
 M .vercel/output/functions/careers.func
 M .vercel/output/functions/careers.prerender-config.json
 M .vercel/output/functions/careers.prerender-fallback.html
 M .vercel/output/functions/careers.rsc.func
 M .vercel/output/functions/careers.rsc.prerender-config.json
 M .vercel/output/functions/careers.rsc.prerender-fallback.rsc
 M .vercel/output/functions/contact.func
 M .vercel/output/functions/contact.prerender-config.json
 M .vercel/output/functions/contact.prerender-fallback.html
 M .vercel/output/functions/contact.rsc.func
 M .vercel/output/functions/contact.rsc.prerender-config.json
 M .vercel/output/functions/contact.rsc.prerender-fallback.rsc
 M .vercel/output/functions/en/[username].func/index.js
 M .vercel/output/functions/en/[username].func/index.js.map
 M .vercel/output/functions/escrow.func
 M .vercel/output/functions/escrow.prerender-config.json
 M .vercel/output/functions/escrow.prerender-fallback.html
 M .vercel/output/functions/escrow.rsc.func
 M .vercel/output/functions/escrow.rsc.prerender-config.json
 M .vercel/output/functions/escrow.rsc.prerender-fallback.rsc
 M .vercel/output/functions/faq.func
 M .vercel/output/functions/faq.prerender-config.json
 M .vercel/output/functions/faq.prerender-fallback.html
 M .vercel/output/functions/faq.rsc.func
 M .vercel/output/functions/faq.rsc.prerender-config.json
 M .vercel/output/functions/faq.rsc.prerender-fallback.rsc
 M .vercel/output/functions/help.func
 M .vercel/output/functions/help.prerender-config.json
 M .vercel/output/functions/help.prerender-fallback.html
 M .vercel/output/functions/help.rsc.func
 M .vercel/output/functions/help.rsc.prerender-config.json
 M .vercel/output/functions/help.rsc.prerender-fallback.rsc
 M .vercel/output/functions/icon.svg.prerender-config.json
 M .vercel/output/functions/icon.svg.rsc.func/.vc-config.json
 M .vercel/output/functions/index.func
 M .vercel/output/functions/index.prerender-config.json
 M .vercel/output/functions/index.prerender-fallback.html
 M .vercel/output/functions/index.rsc.func
 M .vercel/output/functions/index.rsc.prerender-config.json
 M .vercel/output/functions/index.rsc.prerender-fallback.rsc
 M .vercel/output/functions/notifications.func
 M .vercel/output/functions/notifications.prerender-config.json
 M .vercel/output/functions/notifications.prerender-fallback.html
 M .vercel/output/functions/notifications.rsc.func
 M .vercel/output/functions/notifications.rsc.prerender-config.json
 M .vercel/output/functions/notifications.rsc.prerender-fallback.rsc
 M .vercel/output/functions/privacy.func
 M .vercel/output/functions/privacy.prerender-config.json
 M .vercel/output/functions/privacy.prerender-fallback.html
 M .vercel/output/functions/privacy.rsc.func
 M .vercel/output/functions/privacy.rsc.prerender-config.json
 M .vercel/output/functions/privacy.rsc.prerender-fallback.rsc
 M .vercel/output/functions/profile.func
 M .vercel/output/functions/profile.prerender-config.json
 M .vercel/output/functions/profile.prerender-fallback.html
 M .vercel/output/functions/profile.rsc.func
 M .vercel/output/functions/profile.rsc.prerender-config.json
 M .vercel/output/functions/profile.rsc.prerender-fallback.rsc
 M .vercel/output/functions/safety.func
 M .vercel/output/functions/safety.prerender-config.json
 M .vercel/output/functions/safety.prerender-fallback.html
 M .vercel/output/functions/safety.rsc.func
 M .vercel/output/functions/safety.rsc.prerender-config.json
 M .vercel/output/functions/safety.rsc.prerender-fallback.rsc
 M .vercel/output/functions/search.func/index.js
 M .vercel/output/functions/search.func/index.js.map
 M .vercel/output/functions/support.func
 M .vercel/output/functions/support.prerender-config.json
 M .vercel/output/functions/support.prerender-fallback.html
 M .vercel/output/functions/support.rsc.func
 M .vercel/output/functions/support.rsc.prerender-config.json
 M .vercel/output/functions/support.rsc.prerender-fallback.rsc
 M .vercel/output/functions/terms.func
 M .vercel/output/functions/terms.prerender-config.json
 M .vercel/output/functions/terms.prerender-fallback.html
 M .vercel/output/functions/terms.rsc.func
 M .vercel/output/functions/terms.rsc.prerender-config.json
 M .vercel/output/functions/terms.rsc.prerender-fallback.rsc
 M .vercel/output/functions/test-settings.func
 M .vercel/output/functions/test-settings.prerender-config.json
 M .vercel/output/functions/test-settings.prerender-fallback.html
 M .vercel/output/functions/test-settings.rsc.func
 M .vercel/output/functions/test-settings.rsc.prerender-config.json
 M .vercel/output/functions/test-settings.rsc.prerender-fallback.rsc
 M .vercel/output/static/404.html
 M .vercel/output/static/_worker.js/__next-on-pages-dist__/functions/api/admin/listings/delete.func.js
 M .vercel/output/static/_worker.js/__next-on-pages-dist__/functions/api/admin/listings/list.func.js
 M .vercel/output/static/_worker.js/__next-on-pages-dist__/functions/api/admin/users/ban.func.js
 M .vercel/output/static/_worker.js/__next-on-pages-dist__/functions/api/admin/users/list.func.js
 M .vercel/output/static/_worker.js/__next-on-pages-dist__/functions/api/admin/users/verify.func.js
 M .vercel/output/static/_worker.js/__next-on-pages-dist__/functions/api/auth/callback.func.js
 M .vercel/output/static/_worker.js/__next-on-pages-dist__/functions/api/auth/login.func.js
 M .vercel/output/static/_worker.js/__next-on-pages-dist__/functions/api/auth/logout.func.js
 M .vercel/output/static/_worker.js/__next-on-pages-dist__/functions/api/auth/session.func.js
 M .vercel/output/static/_worker.js/__next-on-pages-dist__/functions/api/auth/username.func.js
 M .vercel/output/static/_worker.js/__next-on-pages-dist__/functions/api/chat/list.func.js
 M .vercel/output/static/_worker.js/__next-on-pages-dist__/functions/api/chat/send.func.js
 M .vercel/output/static/_worker.js/__next-on-pages-dist__/functions/api/escrow/propose.func.js
 M .vercel/output/static/_worker.js/__next-on-pages-dist__/functions/api/health.func.js
 M .vercel/output/static/_worker.js/__next-on-pages-dist__/functions/api/listings.func.js
 M .vercel/output/static/_worker.js/__next-on-pages-dist__/functions/api/listings/[id].func.js
 M .vercel/output/static/_worker.js/__next-on-pages-dist__/functions/api/ping.func.js
 M .vercel/output/static/_worker.js/__next-on-pages-dist__/functions/api/places.func.js
 M .vercel/output/static/_worker.js/__next-on-pages-dist__/functions/api/rate.func.js
 M .vercel/output/static/_worker.js/__next-on-pages-dist__/functions/api/users/[username].func.js
 M .vercel/output/static/_worker.js/__next-on-pages-dist__/functions/api/users/[username]/listings.func.js
 M .vercel/output/static/_worker.js/__next-on-pages-dist__/functions/en/[username].func.js
 M .vercel/output/static/_worker.js/__next-on-pages-dist__/functions/search.func.js
 M .vercel/output/static/_worker.js/__next-on-pages-dist__/manifest/27d10e462fba646daaa29468a0656e12.js
 M .vercel/output/static/_worker.js/__next-on-pages-dist__/manifest/__RSC_SERVER_MANIFEST.js
 M .vercel/output/static/_worker.js/index.js
 M .vercel/output/static/_worker.js/nop-build-log.json
 M .vercel/output/static/about.html
 M .vercel/output/static/about.rsc
 M .vercel/output/static/careers.html
 M .vercel/output/static/careers.rsc
 M .vercel/output/static/contact.html
 M .vercel/output/static/contact.rsc
 M .vercel/output/static/de/500.html
 M .vercel/output/static/en/500.html
 M .vercel/output/static/es/500.html
 M .vercel/output/static/escrow.html
 M .vercel/output/static/escrow.rsc
 M .vercel/output/static/faq.html
 M .vercel/output/static/faq.rsc
 M .vercel/output/static/fr/500.html
 M .vercel/output/static/help.html
 M .vercel/output/static/help.rsc
 M .vercel/output/static/index.html
 M .vercel/output/static/index.rsc
 M .vercel/output/static/notifications.html
 M .vercel/output/static/notifications.rsc
 M .vercel/output/static/privacy.html
 M .vercel/output/static/privacy.rsc
 M .vercel/output/static/profile.html
 M .vercel/output/static/profile.rsc
 M .vercel/output/static/safety.html
 M .vercel/output/static/safety.rsc
 M .vercel/output/static/support.html
 M .vercel/output/static/support.rsc
 M .vercel/output/static/terms.html
 M .vercel/output/static/terms.rsc
 M .vercel/output/static/test-settings.html
 M .vercel/output/static/test-settings.rsc
 M .vscode/launch.json
 D d1/0001_init.sql
 D d1/0002_add_missing_columns.sql
 M d1/seed_staging.sql
 M next.config.mjs
 M package.json
 M src/app/api/listings/route.ts
 M src/app/page.tsx
 M src/lib/dataService.ts
 M src/lib/hooks/useLocation.ts
 M wrangler.jsonc
?? BUILD_LOGGING_README.md
?? DATABASE_SEED_AUDIT_REPORT.md
?? build-logs/
?? d1/migrations/
?? d1/seed_staging_clean.sql
?? d1/seed_staging_fixed.sql
?? scripts/
[0;34m[INFO] === CLEANING PREVIOUS BUILDS ===[0m
[0;34m[INFO] Removing .next directory[0m
[0;34m[INFO] Removing .vercel directory[0m
[0;34m[INFO] === CHECKING DEPENDENCIES ===[0m
[0;34m[INFO] Dependencies already installed[0m
[0;34m[INFO] === RUNNING LINTING ===[0m

> lint
> next lint

? How would you like to configure ESLint? https://nextjs.org/docs/basic-features/eslint
[?25lâ¯  Strict (recommended)
   Base
   Cancel[2K[1A[2K[1A[2K[G[?25hWe created the .eslintrc.json file for you and included your selected configuration.
 â–² ESLint has successfully been configured. Run next lint again to view warnings and errors.
[0;32m[SUCCESS] Linting passed[0m
[0;34m[INFO] === RUNNING TESTS ===[0m

> test
> jest

PASS src/lib/__tests__/utils.test.ts
  Utility Functions
    cn
      âœ“ should combine class names correctly (3 ms)
      âœ“ should handle Tailwind CSS classes correctly (1 ms)
    debounce
      âœ“ should debounce function calls (1 ms)
    throttle
      âœ“ should throttle function calls (1 ms)

Test Suites: 1 passed, 1 total
Tests:       4 passed, 4 total
Snapshots:   0 total
Time:        0.512 s, estimated 1 s
Ran all test suites.
[0;32m[SUCCESS] Tests passed[0m
[0;34m[INFO] === BUILDING NEXT.JS ===[0m

> build
> next build

 âš  Invalid next.config.mjs options detected: 
 âš      Unrecognized key(s) in object: 'logging' at "experimental"
 âš  See more info here: https://nextjs.org/docs/messages/invalid-next-config
  â–² Next.js 14.2.5
  - Environments: .env.local

   Creating an optimized production build ...

> Build error occurred
ReferenceError: require is not defined
    at Object.webpack (file:///Users/georgedanayan/Bitboard/next.config.mjs:42:20)
    at getBaseWebpackConfig (/Users/georgedanayan/Bitboard/node_modules/next/dist/build/webpack-config.js:1825:32)
    at async Promise.all (index 1)
    at async Span.traceAsyncFn (/Users/georgedanayan/Bitboard/node_modules/next/dist/trace/trace.js:154:20)
    at async webpackBuildImpl (/Users/georgedanayan/Bitboard/node_modules/next/dist/build/webpack-build/impl.js:136:21)
    at async /Users/georgedanayan/Bitboard/node_modules/next/dist/build/index.js:1003:111
    at async Span.traceAsyncFn (/Users/georgedanayan/Bitboard/node_modules/next/dist/trace/trace.js:154:20)
    at async build (/Users/georgedanayan/Bitboard/node_modules/next/dist/build/index.js:366:9)
[0;32m[SUCCESS] Next.js build completed[0m
[0;34m[INFO] === BUILDING FOR CLOUDFLARE PAGES ===[0m
[0;34m[INFO] Starting Cloudflare Pages build with verbose logging...[0m

> build:cf:verbose
> npx @cloudflare/next-on-pages@^1.13.12 --verbose

error: unknown option '--verbose'
[0;32m[SUCCESS] Cloudflare Pages build completed[0m
[0;34m[INFO] === VERIFYING BUILD OUTPUT ===[0m
[0;31m[ERROR] Build output directory not found[0m
